<?xml version="1.0" encoding="utf-8"?><testsuites><testsuite name="pytest" errors="0" failures="0" skipped="0" tests="18" time="0.047" timestamp="2025-05-20T18:41:45.182562+02:00" hostname="OF060LQKV4K14NN"><testcase classname="test.unit.calc_test.TestCalculate" name="test_add_method_fails_with_invalid_parameters" time="0.001" /><testcase classname="test.unit.calc_test.TestCalculate" name="test_add_method_returns_correct_result" time="0.000" /><testcase classname="test.unit.calc_test.TestCalculate" name="test_divide_method_fails_with_division_by_zero" time="0.001" /><testcase classname="test.unit.calc_test.TestCalculate" name="test_divide_method_fails_with_invalid_parameters" time="0.000" /><testcase classname="test.unit.calc_test.TestCalculate" name="test_divide_method_returns_correct_result" time="0.001" /><testcase classname="test.unit.calc_test.TestCalculate" name="test_log10_method_fails_with_invalid_type" time="0.001" /><testcase classname="test.unit.calc_test.TestCalculate" name="test_log10_method_fails_with_non_positive_number" time="0.001" /><testcase classname="test.unit.calc_test.TestCalculate" name="test_log10_method_returns_correct_result" time="0.001" /><testcase classname="test.unit.calc_test.TestCalculate" name="test_multiply_method_fails_with_invalid_parameters" time="0.001" /><testcase classname="test.unit.calc_test.TestCalculate" name="test_multiply_method_fails_with_invalid_permissions" time="0.001" /><testcase classname="test.unit.calc_test.TestCalculate" name="test_multiply_method_returns_correct_result" time="0.001" /><testcase classname="test.unit.calc_test.TestCalculate" name="test_power_method_fails_with_invalid_parameters" time="0.000" /><testcase classname="test.unit.calc_test.TestCalculate" name="test_power_method_returns_correct_result" time="0.001" /><testcase classname="test.unit.calc_test.TestCalculate" name="test_sqrt_method_fails_with_invalid_type" time="0.001" /><testcase classname="test.unit.calc_test.TestCalculate" name="test_sqrt_method_fails_with_negative_number" time="0.000" /><testcase classname="test.unit.calc_test.TestCalculate" name="test_sqrt_method_returns_correct_result" time="0.000" /><testcase classname="test.unit.calc_test.TestCalculate" name="test_substract_method_fails_with_invalid_parameters" time="0.001" /><testcase classname="test.unit.calc_test.TestCalculate" name="test_substract_method_returns_correct_result" time="0.001" /></testsuite></testsuites>